[2022-08-19T19:12:06,810][INFO ][o.e.n.Node               ] [NPC] version[7.17.5], pid[9044], build[default/zip/8d61b4f7ddf931f219e3745f295ed2bbc50c8e84/2022-06-23T21:57:28.736740635Z], OS[Windows 8.1/6.3/amd64], JVM[Oracle Corporation/Java HotSpot(TM) 64-Bit Server VM/17.0.4.1/17.0.4.1+1-LTS-2]
[2022-08-19T19:12:07,044][INFO ][o.e.n.Node               ] [NPC] JVM home [C:\Program Files\Java\jdk-17.0.4.1], using bundled JDK [false]
[2022-08-19T19:12:07,044][INFO ][o.e.n.Node               ] [NPC] JVM arguments [-Des.networkaddress.cache.ttl=60, -Des.networkaddress.cache.negative.ttl=10, -XX:+AlwaysPreTouch, -Xss1m, -Djava.awt.headless=true, -Dfile.encoding=UTF-8, -Djna.nosys=true, -XX:-OmitStackTraceInFastThrow, -XX:+ShowCodeDetailsInExceptionMessages, -Dio.netty.noUnsafe=true, -Dio.netty.noKeySetOptimization=true, -Dio.netty.recycler.maxCapacityPerThread=0, -Dio.netty.allocator.numDirectArenas=0, -Dlog4j.shutdownHookEnabled=false, -Dlog4j2.disable.jmx=true, -Dlog4j2.formatMsgNoLookups=true, -Djava.locale.providers=SPI,COMPAT, --add-opens=java.base/java.io=ALL-UNNAMED, -XX:+UseG1GC, -Djava.io.tmpdir=C:\Users\NPC\AppData\Local\Temp\elasticsearch, -XX:+HeapDumpOnOutOfMemoryError, -XX:+ExitOnOutOfMemoryError, -XX:HeapDumpPath=data, -XX:ErrorFile=logs/hs_err_pid%p.log, -Xlog:gc*,gc+age=trace,safepoint:file=logs/gc.log:utctime,pid,tags:filecount=32,filesize=64m, -Xms3822m, -Xmx3822m, -XX:MaxDirectMemorySize=2003828736, -XX:G1HeapRegionSize=4m, -XX:InitiatingHeapOccupancyPercent=30, -XX:G1ReservePercent=15, -Delasticsearch, -Des.path.home=C:\elkstack\elasticsearch-7.17.5, -Des.path.conf=C:\elkstack\elasticsearch-7.17.5\config, -Des.distribution.flavor=default, -Des.distribution.type=zip, -Des.bundled_jdk=true]
[2022-08-19T19:12:25,237][INFO ][o.e.p.PluginsService     ] [NPC] loaded module [aggs-matrix-stats]
[2022-08-19T19:12:25,237][INFO ][o.e.p.PluginsService     ] [NPC] loaded module [analysis-common]
[2022-08-19T19:12:25,237][INFO ][o.e.p.PluginsService     ] [NPC] loaded module [constant-keyword]
[2022-08-19T19:12:25,237][INFO ][o.e.p.PluginsService     ] [NPC] loaded module [frozen-indices]
[2022-08-19T19:12:25,237][INFO ][o.e.p.PluginsService     ] [NPC] loaded module [ingest-common]
[2022-08-19T19:12:25,237][INFO ][o.e.p.PluginsService     ] [NPC] loaded module [ingest-geoip]
[2022-08-19T19:12:25,237][INFO ][o.e.p.PluginsService     ] [NPC] loaded module [ingest-user-agent]
[2022-08-19T19:12:25,237][INFO ][o.e.p.PluginsService     ] [NPC] loaded module [kibana]
[2022-08-19T19:12:25,253][INFO ][o.e.p.PluginsService     ] [NPC] loaded module [lang-expression]
[2022-08-19T19:12:25,253][INFO ][o.e.p.PluginsService     ] [NPC] loaded module [lang-mustache]
[2022-08-19T19:12:25,253][INFO ][o.e.p.PluginsService     ] [NPC] loaded module [lang-painless]
[2022-08-19T19:12:25,253][INFO ][o.e.p.PluginsService     ] [NPC] loaded module [legacy-geo]
[2022-08-19T19:12:25,253][INFO ][o.e.p.PluginsService     ] [NPC] loaded module [mapper-extras]
[2022-08-19T19:12:25,253][INFO ][o.e.p.PluginsService     ] [NPC] loaded module [mapper-version]
[2022-08-19T19:12:25,253][INFO ][o.e.p.PluginsService     ] [NPC] loaded module [parent-join]
[2022-08-19T19:12:25,253][INFO ][o.e.p.PluginsService     ] [NPC] loaded module [percolator]
[2022-08-19T19:12:25,253][INFO ][o.e.p.PluginsService     ] [NPC] loaded module [rank-eval]
[2022-08-19T19:12:25,269][INFO ][o.e.p.PluginsService     ] [NPC] loaded module [reindex]
[2022-08-19T19:12:25,269][INFO ][o.e.p.PluginsService     ] [NPC] loaded module [repositories-metering-api]
[2022-08-19T19:12:25,269][INFO ][o.e.p.PluginsService     ] [NPC] loaded module [repository-encrypted]
[2022-08-19T19:12:25,269][INFO ][o.e.p.PluginsService     ] [NPC] loaded module [repository-url]
[2022-08-19T19:12:25,269][INFO ][o.e.p.PluginsService     ] [NPC] loaded module [runtime-fields-common]
[2022-08-19T19:12:25,269][INFO ][o.e.p.PluginsService     ] [NPC] loaded module [search-business-rules]
[2022-08-19T19:12:25,269][INFO ][o.e.p.PluginsService     ] [NPC] loaded module [searchable-snapshots]
[2022-08-19T19:12:25,269][INFO ][o.e.p.PluginsService     ] [NPC] loaded module [snapshot-repo-test-kit]
[2022-08-19T19:12:25,269][INFO ][o.e.p.PluginsService     ] [NPC] loaded module [spatial]
[2022-08-19T19:12:25,269][INFO ][o.e.p.PluginsService     ] [NPC] loaded module [transform]
[2022-08-19T19:12:25,284][INFO ][o.e.p.PluginsService     ] [NPC] loaded module [transport-netty4]
[2022-08-19T19:12:25,284][INFO ][o.e.p.PluginsService     ] [NPC] loaded module [unsigned-long]
[2022-08-19T19:12:25,284][INFO ][o.e.p.PluginsService     ] [NPC] loaded module [vector-tile]
[2022-08-19T19:12:25,284][INFO ][o.e.p.PluginsService     ] [NPC] loaded module [vectors]
[2022-08-19T19:12:25,284][INFO ][o.e.p.PluginsService     ] [NPC] loaded module [wildcard]
[2022-08-19T19:12:25,284][INFO ][o.e.p.PluginsService     ] [NPC] loaded module [x-pack-aggregate-metric]
[2022-08-19T19:12:25,284][INFO ][o.e.p.PluginsService     ] [NPC] loaded module [x-pack-analytics]
[2022-08-19T19:12:25,284][INFO ][o.e.p.PluginsService     ] [NPC] loaded module [x-pack-async]
[2022-08-19T19:12:25,284][INFO ][o.e.p.PluginsService     ] [NPC] loaded module [x-pack-async-search]
[2022-08-19T19:12:25,284][INFO ][o.e.p.PluginsService     ] [NPC] loaded module [x-pack-autoscaling]
[2022-08-19T19:12:25,284][INFO ][o.e.p.PluginsService     ] [NPC] loaded module [x-pack-ccr]
[2022-08-19T19:12:25,300][INFO ][o.e.p.PluginsService     ] [NPC] loaded module [x-pack-core]
[2022-08-19T19:12:25,300][INFO ][o.e.p.PluginsService     ] [NPC] loaded module [x-pack-data-streams]
[2022-08-19T19:12:25,300][INFO ][o.e.p.PluginsService     ] [NPC] loaded module [x-pack-deprecation]
[2022-08-19T19:12:25,300][INFO ][o.e.p.PluginsService     ] [NPC] loaded module [x-pack-enrich]
[2022-08-19T19:12:25,300][INFO ][o.e.p.PluginsService     ] [NPC] loaded module [x-pack-eql]
[2022-08-19T19:12:25,300][INFO ][o.e.p.PluginsService     ] [NPC] loaded module [x-pack-fleet]
[2022-08-19T19:12:25,300][INFO ][o.e.p.PluginsService     ] [NPC] loaded module [x-pack-graph]
[2022-08-19T19:12:25,300][INFO ][o.e.p.PluginsService     ] [NPC] loaded module [x-pack-identity-provider]
[2022-08-19T19:12:25,300][INFO ][o.e.p.PluginsService     ] [NPC] loaded module [x-pack-ilm]
[2022-08-19T19:12:25,300][INFO ][o.e.p.PluginsService     ] [NPC] loaded module [x-pack-logstash]
[2022-08-19T19:12:25,300][INFO ][o.e.p.PluginsService     ] [NPC] loaded module [x-pack-ml]
[2022-08-19T19:12:25,300][INFO ][o.e.p.PluginsService     ] [NPC] loaded module [x-pack-monitoring]
[2022-08-19T19:12:25,300][INFO ][o.e.p.PluginsService     ] [NPC] loaded module [x-pack-ql]
[2022-08-19T19:12:25,300][INFO ][o.e.p.PluginsService     ] [NPC] loaded module [x-pack-rollup]
[2022-08-19T19:12:25,300][INFO ][o.e.p.PluginsService     ] [NPC] loaded module [x-pack-security]
[2022-08-19T19:12:25,300][INFO ][o.e.p.PluginsService     ] [NPC] loaded module [x-pack-shutdown]
[2022-08-19T19:12:25,300][INFO ][o.e.p.PluginsService     ] [NPC] loaded module [x-pack-sql]
[2022-08-19T19:12:25,315][INFO ][o.e.p.PluginsService     ] [NPC] loaded module [x-pack-stack]
[2022-08-19T19:12:25,315][INFO ][o.e.p.PluginsService     ] [NPC] loaded module [x-pack-text-structure]
[2022-08-19T19:12:25,315][INFO ][o.e.p.PluginsService     ] [NPC] loaded module [x-pack-voting-only-node]
[2022-08-19T19:12:25,315][INFO ][o.e.p.PluginsService     ] [NPC] loaded module [x-pack-watcher]
[2022-08-19T19:12:25,315][INFO ][o.e.p.PluginsService     ] [NPC] no plugins loaded
[2022-08-19T19:12:30,566][INFO ][o.e.e.NodeEnvironment    ] [NPC] using [1] data paths, mounts [[(C:)]], net usable_space [267.9gb], net total_space [912.8gb], types [NTFS]
[2022-08-19T19:12:30,566][INFO ][o.e.e.NodeEnvironment    ] [NPC] heap size [3.7gb], compressed ordinary object pointers [true]
[2022-08-19T19:12:30,863][INFO ][o.e.n.Node               ] [NPC] node name [NPC], node ID [Ah7_c3u-Tt-vJbzI3ItM5A], cluster name [elasticsearch], roles [transform, data_frozen, master, remote_cluster_client, data, ml, data_content, data_hot, data_warm, data_cold, ingest]
[2022-08-19T19:12:52,245][INFO ][o.e.x.m.p.l.CppLogMessageHandler] [NPC] [controller/3752] [Main.cc@122] controller (64 bit): Version 7.17.5 (Build 6070d498c77671) Copyright (c) 2022 Elasticsearch BV
[2022-08-19T19:12:54,058][INFO ][o.e.x.s.a.s.FileRolesStore] [NPC] parsed [0] roles from file [C:\elkstack\elasticsearch-7.17.5\config\roles.yml]
[2022-08-19T19:12:57,669][INFO ][o.e.i.g.ConfigDatabases  ] [NPC] initialized default databases [[GeoLite2-Country.mmdb, GeoLite2-City.mmdb, GeoLite2-ASN.mmdb]], config databases [[]] and watching [C:\elkstack\elasticsearch-7.17.5\config\ingest-geoip] for changes
[2022-08-19T19:12:57,685][INFO ][o.e.i.g.DatabaseNodeService] [NPC] initialized database registry, using geoip-databases directory [C:\Users\NPC\AppData\Local\Temp\elasticsearch\geoip-databases\Ah7_c3u-Tt-vJbzI3ItM5A]
[2022-08-19T19:13:00,062][INFO ][o.e.t.NettyAllocator     ] [NPC] creating NettyAllocator with the following configs: [name=elasticsearch_configured, chunk_size=1mb, suggested_max_allocation_size=1mb, factors={es.unsafe.use_netty_default_chunk_and_page_size=false, g1gc_enabled=true, g1gc_region_size=4mb}]
[2022-08-19T19:13:00,281][INFO ][o.e.i.r.RecoverySettings ] [NPC] using rate limit [40mb] with [default=40mb, read=0b, write=0b, max=0b]
[2022-08-19T19:13:00,562][INFO ][o.e.d.DiscoveryModule    ] [NPC] using discovery type [zen] and seed hosts providers [settings]
[2022-08-19T19:13:02,912][INFO ][o.e.g.DanglingIndicesState] [NPC] gateway.auto_import_dangling_indices is disabled, dangling indices will not be automatically detected or imported and must be managed manually
[2022-08-19T19:13:05,885][INFO ][o.e.n.Node               ] [NPC] initialized
[2022-08-19T19:13:05,885][INFO ][o.e.n.Node               ] [NPC] starting ...
[2022-08-19T19:13:05,963][INFO ][o.e.x.s.c.f.PersistentCache] [NPC] persistent cache index loaded
[2022-08-19T19:13:05,963][INFO ][o.e.x.d.l.DeprecationIndexingComponent] [NPC] deprecation component started
[2022-08-19T19:13:07,356][INFO ][o.e.t.TransportService   ] [NPC] publish_address {127.0.0.1:9300}, bound_addresses {127.0.0.1:9300}, {[::1]:9300}
[2022-08-19T19:13:07,419][INFO ][o.e.x.m.Monitoring       ] [NPC] creating template [.monitoring-alerts-7] with version [7]
[2022-08-19T19:13:07,434][INFO ][o.e.x.m.Monitoring       ] [NPC] creating template [.monitoring-es] with version [7]
[2022-08-19T19:13:07,434][INFO ][o.e.x.m.Monitoring       ] [NPC] creating template [.monitoring-kibana] with version [7]
[2022-08-19T19:13:07,450][INFO ][o.e.x.m.Monitoring       ] [NPC] creating template [.monitoring-logstash] with version [7]
[2022-08-19T19:13:07,450][INFO ][o.e.x.m.Monitoring       ] [NPC] creating template [.monitoring-beats] with version [7]
[2022-08-19T19:13:08,153][WARN ][o.e.b.BootstrapChecks    ] [NPC] the default discovery settings are unsuitable for production use; at least one of [discovery.seed_hosts, discovery.seed_providers, cluster.initial_master_nodes] must be configured
[2022-08-19T19:13:08,215][INFO ][o.e.c.c.ClusterBootstrapService] [NPC] no discovery configuration found, will perform best-effort cluster bootstrapping after [3s] unless existing master is discovered
[2022-08-19T19:13:11,236][INFO ][o.e.c.c.Coordinator      ] [NPC] setting initial configuration to VotingConfiguration{Ah7_c3u-Tt-vJbzI3ItM5A}
[2022-08-19T19:13:12,040][INFO ][o.e.c.s.MasterService    ] [NPC] elected-as-master ([1] nodes joined)[{NPC}{Ah7_c3u-Tt-vJbzI3ItM5A}{VtF8Jvo3RYGTfctzrhWwfw}{127.0.0.1}{127.0.0.1:9300}{cdfhilmrstw} elect leader, _BECOME_MASTER_TASK_, _FINISH_ELECTION_], term: 1, version: 1, delta: master node changed {previous [], current [{NPC}{Ah7_c3u-Tt-vJbzI3ItM5A}{VtF8Jvo3RYGTfctzrhWwfw}{127.0.0.1}{127.0.0.1:9300}{cdfhilmrstw}]}
[2022-08-19T19:13:12,277][INFO ][o.e.c.c.CoordinationState] [NPC] cluster UUID set to [rVCDChL5TcKj0FuLzvjLoQ]
[2022-08-19T19:13:12,542][INFO ][o.e.c.s.ClusterApplierService] [NPC] master node changed {previous [], current [{NPC}{Ah7_c3u-Tt-vJbzI3ItM5A}{VtF8Jvo3RYGTfctzrhWwfw}{127.0.0.1}{127.0.0.1:9300}{cdfhilmrstw}]}, term: 1, version: 1, reason: Publication{term=1, version=1}
[2022-08-19T19:13:12,922][INFO ][o.e.h.AbstractHttpServerTransport] [NPC] publish_address {127.0.0.1:9200}, bound_addresses {127.0.0.1:9200}, {[::1]:9200}
[2022-08-19T19:13:12,923][INFO ][o.e.n.Node               ] [NPC] started
[2022-08-19T19:13:13,312][INFO ][o.e.g.GatewayService     ] [NPC] recovered [0] indices into cluster_state
[2022-08-19T19:13:14,761][INFO ][o.e.c.m.MetadataIndexTemplateService] [NPC] adding index template [.ml-anomalies-] for index patterns [.ml-anomalies-*]
[2022-08-19T19:13:15,104][INFO ][o.e.c.m.MetadataIndexTemplateService] [NPC] adding index template [.ml-state] for index patterns [.ml-state*]
[2022-08-19T19:13:15,372][INFO ][o.e.c.m.MetadataIndexTemplateService] [NPC] adding index template [.ml-notifications-000002] for index patterns [.ml-notifications-000002]
[2022-08-19T19:13:15,617][INFO ][o.e.c.m.MetadataIndexTemplateService] [NPC] adding index template [.ml-stats] for index patterns [.ml-stats-*]
[2022-08-19T19:13:15,960][INFO ][o.e.c.m.MetadataIndexTemplateService] [NPC] adding component template [data-streams-mappings]
[2022-08-19T19:13:16,199][INFO ][o.e.c.m.MetadataIndexTemplateService] [NPC] adding component template [logs-settings]
[2022-08-19T19:13:16,887][INFO ][o.e.c.m.MetadataIndexTemplateService] [NPC] adding component template [logs-mappings]
[2022-08-19T19:13:17,075][INFO ][o.e.c.m.MetadataIndexTemplateService] [NPC] adding component template [metrics-mappings]
[2022-08-19T19:13:17,296][INFO ][o.e.c.m.MetadataIndexTemplateService] [NPC] adding component template [metrics-settings]
[2022-08-19T19:13:17,624][INFO ][o.e.c.m.MetadataIndexTemplateService] [NPC] adding component template [synthetics-settings]
[2022-08-19T19:13:17,895][INFO ][o.e.c.m.MetadataIndexTemplateService] [NPC] adding component template [synthetics-mappings]
[2022-08-19T19:13:18,179][INFO ][o.e.c.m.MetadataIndexTemplateService] [NPC] adding index template [.watch-history-13] for index patterns [.watcher-history-13*]
[2022-08-19T19:13:18,467][INFO ][o.e.c.m.MetadataIndexTemplateService] [NPC] adding index template [.slm-history] for index patterns [.slm-history-5*]
[2022-08-19T19:13:18,874][INFO ][o.e.c.m.MetadataIndexTemplateService] [NPC] adding index template [ilm-history] for index patterns [ilm-history-5*]
[2022-08-19T19:13:19,045][INFO ][o.e.c.m.MetadataIndexTemplateService] [NPC] adding component template [.deprecation-indexing-settings]
[2022-08-19T19:13:19,329][INFO ][o.e.c.m.MetadataIndexTemplateService] [NPC] adding component template [.deprecation-indexing-mappings]
[2022-08-19T19:13:19,564][INFO ][o.e.c.m.MetadataIndexTemplateService] [NPC] adding index template [logs] for index patterns [logs-*-*]
[2022-08-19T19:13:20,033][INFO ][o.e.c.m.MetadataIndexTemplateService] [NPC] adding index template [metrics] for index patterns [metrics-*-*]
[2022-08-19T19:13:20,220][INFO ][o.e.c.m.MetadataIndexTemplateService] [NPC] adding index template [synthetics] for index patterns [synthetics-*-*]
[2022-08-19T19:13:20,912][INFO ][o.e.c.m.MetadataIndexTemplateService] [NPC] adding index template [.deprecation-indexing-template] for index patterns [.logs-deprecation.*]
[2022-08-19T19:13:21,961][INFO ][o.e.x.i.a.TransportPutLifecycleAction] [NPC] adding index lifecycle policy [ml-size-based-ilm-policy]
[2022-08-19T19:13:22,289][INFO ][o.e.x.i.a.TransportPutLifecycleAction] [NPC] adding index lifecycle policy [metrics]
[2022-08-19T19:13:22,604][INFO ][o.e.x.i.a.TransportPutLifecycleAction] [NPC] adding index lifecycle policy [logs]
[2022-08-19T19:13:22,776][INFO ][o.e.x.i.a.TransportPutLifecycleAction] [NPC] adding index lifecycle policy [synthetics]
[2022-08-19T19:13:22,948][INFO ][o.e.x.i.a.TransportPutLifecycleAction] [NPC] adding index lifecycle policy [30-days-default]
[2022-08-19T19:13:23,245][INFO ][o.e.x.i.a.TransportPutLifecycleAction] [NPC] adding index lifecycle policy [7-days-default]
[2022-08-19T19:13:23,528][INFO ][o.e.x.i.a.TransportPutLifecycleAction] [NPC] adding index lifecycle policy [90-days-default]
[2022-08-19T19:13:23,716][INFO ][o.e.x.i.a.TransportPutLifecycleAction] [NPC] adding index lifecycle policy [180-days-default]
[2022-08-19T19:13:23,966][INFO ][o.e.x.i.a.TransportPutLifecycleAction] [NPC] adding index lifecycle policy [365-days-default]
[2022-08-19T19:13:24,184][INFO ][o.e.x.i.a.TransportPutLifecycleAction] [NPC] adding index lifecycle policy [watch-history-ilm-policy]
[2022-08-19T19:13:24,419][INFO ][o.e.x.i.a.TransportPutLifecycleAction] [NPC] adding index lifecycle policy [ilm-history-ilm-policy]
[2022-08-19T19:13:24,687][INFO ][o.e.x.i.a.TransportPutLifecycleAction] [NPC] adding index lifecycle policy [slm-history-ilm-policy]
[2022-08-19T19:13:25,140][INFO ][o.e.x.i.a.TransportPutLifecycleAction] [NPC] adding index lifecycle policy [.fleet-actions-results-ilm-policy]
[2022-08-19T19:13:25,343][INFO ][o.e.x.i.a.TransportPutLifecycleAction] [NPC] adding index lifecycle policy [.deprecation-indexing-ilm-policy]
[2022-08-19T19:13:25,720][INFO ][o.e.i.g.GeoIpDownloader  ] [NPC] updating geoip databases
[2022-08-19T19:13:25,720][INFO ][o.e.i.g.GeoIpDownloader  ] [NPC] fetching geoip databases overview from [https://geoip.elastic.co/v1/database?elastic_geoip_service_tos=agree]
[2022-08-19T19:13:26,113][INFO ][o.e.l.LicenseService     ] [NPC] license [86cecdf9-51c7-4dec-926b-0f01625b71ce] mode [basic] - valid
[2022-08-19T19:13:26,113][INFO ][o.e.x.s.s.SecurityStatusChangeListener] [NPC] Active license is now [BASIC]; Security is disabled
[2022-08-19T19:13:26,113][WARN ][o.e.x.s.s.SecurityStatusChangeListener] [NPC] Elasticsearch built-in security features are not enabled. Without authentication, your cluster could be accessible to anyone. See https://www.elastic.co/guide/en/elasticsearch/reference/7.17/security-minimal-setup.html to enable security.
[2022-08-19T19:13:27,927][INFO ][o.e.c.m.MetadataCreateIndexService] [NPC] [.ds-.logs-deprecation.elasticsearch-default-2022.08.19-000001] creating index, cause [initialize_data_stream], templates [.deprecation-indexing-template], shards [1]/[1]
[2022-08-19T19:13:28,037][INFO ][o.e.c.r.a.AllocationService] [NPC] updating number_of_replicas to [0] for indices [.ds-.logs-deprecation.elasticsearch-default-2022.08.19-000001]
[2022-08-19T19:13:28,084][INFO ][o.e.c.m.MetadataCreateDataStreamService] [NPC] adding data stream [.logs-deprecation.elasticsearch-default] with write index [.ds-.logs-deprecation.elasticsearch-default-2022.08.19-000001], backing indices [], and aliases []
[2022-08-19T19:13:28,715][INFO ][o.e.c.m.MetadataCreateIndexService] [NPC] [.geoip_databases] creating index, cause [auto(bulk api)], templates [], shards [1]/[0]
[2022-08-19T19:13:29,471][INFO ][o.e.x.i.IndexLifecycleTransition] [NPC] moving index [.ds-.logs-deprecation.elasticsearch-default-2022.08.19-000001] from [null] to [{"phase":"new","action":"complete","name":"complete"}] in policy [.deprecation-indexing-ilm-policy]
[2022-08-19T19:13:30,362][INFO ][o.e.x.i.IndexLifecycleTransition] [NPC] moving index [.ds-.logs-deprecation.elasticsearch-default-2022.08.19-000001] from [{"phase":"new","action":"complete","name":"complete"}] to [{"phase":"hot","action":"unfollow","name":"branch-check-unfollow-prerequisites"}] in policy [.deprecation-indexing-ilm-policy]
[2022-08-19T19:13:30,833][INFO ][o.e.c.r.a.AllocationService] [NPC] Cluster health status changed from [YELLOW] to [GREEN] (reason: [shards started [[.ds-.logs-deprecation.elasticsearch-default-2022.08.19-000001][0], [.geoip_databases][0]]]).
[2022-08-19T19:13:31,095][INFO ][o.e.x.i.IndexLifecycleTransition] [NPC] moving index [.ds-.logs-deprecation.elasticsearch-default-2022.08.19-000001] from [{"phase":"hot","action":"unfollow","name":"branch-check-unfollow-prerequisites"}] to [{"phase":"hot","action":"rollover","name":"check-rollover-ready"}] in policy [.deprecation-indexing-ilm-policy]
[2022-08-19T19:13:31,680][INFO ][o.e.c.m.MetadataMappingService] [NPC] [.ds-.logs-deprecation.elasticsearch-default-2022.08.19-000001/Rl44dmRvTWCVhfwvzPwwrA] update_mapping [_doc]
[2022-08-19T19:13:32,796][INFO ][o.e.c.m.MetadataCreateIndexService] [NPC] [.ds-ilm-history-5-2022.08.19-000001] creating index, cause [initialize_data_stream], templates [ilm-history], shards [1]/[0]
[2022-08-19T19:13:32,796][INFO ][o.e.c.m.MetadataCreateDataStreamService] [NPC] adding data stream [ilm-history-5] with write index [.ds-ilm-history-5-2022.08.19-000001], backing indices [], and aliases []
[2022-08-19T19:13:33,615][INFO ][o.e.x.i.IndexLifecycleTransition] [NPC] moving index [.ds-ilm-history-5-2022.08.19-000001] from [null] to [{"phase":"new","action":"complete","name":"complete"}] in policy [ilm-history-ilm-policy]
[2022-08-19T19:13:34,899][INFO ][o.e.x.i.IndexLifecycleTransition] [NPC] moving index [.ds-ilm-history-5-2022.08.19-000001] from [{"phase":"new","action":"complete","name":"complete"}] to [{"phase":"hot","action":"unfollow","name":"branch-check-unfollow-prerequisites"}] in policy [ilm-history-ilm-policy]
[2022-08-19T19:13:35,305][INFO ][o.e.c.r.a.AllocationService] [NPC] Cluster health status changed from [YELLOW] to [GREEN] (reason: [shards started [[.ds-ilm-history-5-2022.08.19-000001][0]]]).
[2022-08-19T19:13:35,774][INFO ][o.e.i.g.DatabaseNodeService] [NPC] retrieve geoip database [GeoLite2-ASN.mmdb] from [.geoip_databases] to [C:\Users\NPC\AppData\Local\Temp\elasticsearch\geoip-databases\Ah7_c3u-Tt-vJbzI3ItM5A\GeoLite2-ASN.mmdb.tmp.gz]
[2022-08-19T19:13:35,799][INFO ][o.e.i.g.GeoIpDownloader  ] [NPC] successfully downloaded geoip database [GeoLite2-ASN.mmdb]
[2022-08-19T19:13:35,799][INFO ][o.e.x.i.IndexLifecycleTransition] [NPC] moving index [.ds-ilm-history-5-2022.08.19-000001] from [{"phase":"hot","action":"unfollow","name":"branch-check-unfollow-prerequisites"}] to [{"phase":"hot","action":"rollover","name":"check-rollover-ready"}] in policy [ilm-history-ilm-policy]
[2022-08-19T19:13:36,591][INFO ][o.e.i.g.DatabaseNodeService] [NPC] successfully reloaded changed geoip database file [C:\Users\NPC\AppData\Local\Temp\elasticsearch\geoip-databases\Ah7_c3u-Tt-vJbzI3ItM5A\GeoLite2-ASN.mmdb]
[2022-08-19T19:13:56,515][INFO ][o.e.i.g.DatabaseNodeService] [NPC] retrieve geoip database [GeoLite2-City.mmdb] from [.geoip_databases] to [C:\Users\NPC\AppData\Local\Temp\elasticsearch\geoip-databases\Ah7_c3u-Tt-vJbzI3ItM5A\GeoLite2-City.mmdb.tmp.gz]
[2022-08-19T19:13:56,540][INFO ][o.e.i.g.GeoIpDownloader  ] [NPC] successfully downloaded geoip database [GeoLite2-City.mmdb]
[2022-08-19T19:14:00,969][INFO ][o.e.i.g.DatabaseNodeService] [NPC] successfully reloaded changed geoip database file [C:\Users\NPC\AppData\Local\Temp\elasticsearch\geoip-databases\Ah7_c3u-Tt-vJbzI3ItM5A\GeoLite2-City.mmdb]
[2022-08-19T19:14:08,457][INFO ][o.e.i.g.DatabaseNodeService] [NPC] retrieve geoip database [GeoLite2-Country.mmdb] from [.geoip_databases] to [C:\Users\NPC\AppData\Local\Temp\elasticsearch\geoip-databases\Ah7_c3u-Tt-vJbzI3ItM5A\GeoLite2-Country.mmdb.tmp.gz]
[2022-08-19T19:14:08,478][INFO ][o.e.i.g.GeoIpDownloader  ] [NPC] successfully downloaded geoip database [GeoLite2-Country.mmdb]
[2022-08-19T19:14:08,666][INFO ][o.e.i.g.DatabaseNodeService] [NPC] successfully reloaded changed geoip database file [C:\Users\NPC\AppData\Local\Temp\elasticsearch\geoip-databases\Ah7_c3u-Tt-vJbzI3ItM5A\GeoLite2-Country.mmdb]
[2022-08-19T19:19:20,735][INFO ][o.e.c.m.MetadataCreateIndexService] [NPC] [.kibana_task_manager_7.17.5_001] creating index, cause [api], templates [], shards [1]/[1]
[2022-08-19T19:19:20,735][INFO ][o.e.c.r.a.AllocationService] [NPC] updating number_of_replicas to [0] for indices [.kibana_task_manager_7.17.5_001]
[2022-08-19T19:19:21,776][INFO ][o.e.c.m.MetadataCreateIndexService] [NPC] [.kibana_7.17.5_001] creating index, cause [api], templates [], shards [1]/[1]
[2022-08-19T19:19:21,776][INFO ][o.e.c.r.a.AllocationService] [NPC] updating number_of_replicas to [0] for indices [.kibana_7.17.5_001]
[2022-08-19T19:19:23,292][INFO ][o.e.c.r.a.AllocationService] [NPC] Cluster health status changed from [YELLOW] to [GREEN] (reason: [shards started [[.kibana_7.17.5_001][0]]]).
[2022-08-19T19:19:31,485][INFO ][o.e.c.m.MetadataIndexTemplateService] [NPC] adding component template [.alerts-technical-mappings]
[2022-08-19T19:19:33,474][INFO ][o.e.c.m.MetadataIndexTemplateService] [NPC] adding component template [.alerts-ecs-mappings]
[2022-08-19T19:19:33,873][INFO ][o.e.c.m.MetadataCreateIndexService] [NPC] [.apm-agent-configuration] creating index, cause [api], templates [], shards [1]/[1]
[2022-08-19T19:19:33,873][INFO ][o.e.c.r.a.AllocationService] [NPC] updating number_of_replicas to [0] for indices [.apm-agent-configuration]
[2022-08-19T19:19:34,318][INFO ][o.e.c.m.MetadataCreateIndexService] [NPC] [.apm-custom-link] creating index, cause [api], templates [], shards [1]/[1]
[2022-08-19T19:19:34,334][INFO ][o.e.c.r.a.AllocationService] [NPC] updating number_of_replicas to [0] for indices [.apm-custom-link]
[2022-08-19T19:19:37,446][INFO ][o.e.c.r.a.AllocationService] [NPC] Cluster health status changed from [YELLOW] to [GREEN] (reason: [shards started [[.apm-custom-link][0]]]).
[2022-08-19T19:19:37,649][INFO ][o.e.c.m.MetadataMappingService] [NPC] [.kibana_task_manager_7.17.5_001/IUGDGOYgQHmNQjtR5DNWAw] update_mapping [_doc]
[2022-08-19T19:19:38,066][INFO ][o.e.c.m.MetadataMappingService] [NPC] [.kibana_7.17.5_001/hr95noy2SQyK2u0vcP8bFQ] update_mapping [_doc]
[2022-08-19T19:19:39,016][INFO ][o.e.c.m.MetadataMappingService] [NPC] [.kibana_7.17.5_001/hr95noy2SQyK2u0vcP8bFQ] update_mapping [_doc]
[2022-08-19T19:19:39,047][INFO ][o.e.c.m.MetadataMappingService] [NPC] [.kibana_7.17.5_001/hr95noy2SQyK2u0vcP8bFQ] update_mapping [_doc]
[2022-08-19T19:19:39,482][INFO ][o.e.x.i.a.TransportPutLifecycleAction] [NPC] adding index lifecycle policy [.alerts-ilm-policy]
[2022-08-19T19:19:39,942][INFO ][o.e.x.i.a.TransportPutLifecycleAction] [NPC] adding index lifecycle policy [kibana-event-log-policy]
[2022-08-19T19:19:40,420][INFO ][o.e.c.m.MetadataIndexTemplateService] [NPC] adding component template [.alerts-observability.uptime.alerts-mappings]
[2022-08-19T19:19:45,190][INFO ][o.e.c.m.MetadataIndexTemplateService] [NPC] adding component template [.alerts-observability.apm.alerts-mappings]
[2022-08-19T19:19:45,616][INFO ][o.e.c.m.MetadataIndexTemplateService] [NPC] adding component template [.alerts-observability.logs.alerts-mappings]
[2022-08-19T19:19:46,187][INFO ][o.e.c.m.MetadataIndexTemplateService] [NPC] adding component template [.alerts-observability.metrics.alerts-mappings]
[2022-08-19T19:19:48,399][INFO ][o.e.c.m.MetadataIndexTemplateService] [NPC] adding index template [.kibana-event-log-7.17.5-template] for index patterns [.kibana-event-log-7.17.5-*]
[2022-08-19T19:19:48,649][INFO ][o.e.c.m.MetadataMappingService] [NPC] [.kibana_7.17.5_001/hr95noy2SQyK2u0vcP8bFQ] update_mapping [_doc]
[2022-08-19T19:19:49,212][INFO ][o.e.c.m.MetadataCreateIndexService] [NPC] [.kibana-event-log-7.17.5-000001] creating index, cause [api], templates [.kibana-event-log-7.17.5-template], shards [1]/[1]
[2022-08-19T19:19:49,212][INFO ][o.e.c.r.a.AllocationService] [NPC] updating number_of_replicas to [0] for indices [.kibana-event-log-7.17.5-000001]
[2022-08-19T19:19:49,732][INFO ][o.e.x.i.a.TransportPutLifecycleAction] [NPC] adding index lifecycle policy [kibana-reporting]
[2022-08-19T19:19:50,606][INFO ][o.e.c.r.a.AllocationService] [NPC] Cluster health status changed from [YELLOW] to [GREEN] (reason: [shards started [[.kibana-event-log-7.17.5-000001][0]]]).
[2022-08-19T19:19:53,652][INFO ][o.e.x.i.IndexLifecycleTransition] [NPC] moving index [.kibana-event-log-7.17.5-000001] from [null] to [{"phase":"new","action":"complete","name":"complete"}] in policy [kibana-event-log-policy]
[2022-08-19T19:19:54,039][INFO ][o.e.x.i.IndexLifecycleTransition] [NPC] moving index [.kibana-event-log-7.17.5-000001] from [{"phase":"new","action":"complete","name":"complete"}] to [{"phase":"hot","action":"unfollow","name":"branch-check-unfollow-prerequisites"}] in policy [kibana-event-log-policy]
[2022-08-19T19:19:54,414][INFO ][o.e.x.i.IndexLifecycleTransition] [NPC] moving index [.kibana-event-log-7.17.5-000001] from [{"phase":"hot","action":"unfollow","name":"branch-check-unfollow-prerequisites"}] to [{"phase":"hot","action":"rollover","name":"check-rollover-ready"}] in policy [kibana-event-log-policy]
[2022-08-19T19:20:19,941][INFO ][o.e.c.m.MetadataMappingService] [NPC] [.kibana_7.17.5_001/hr95noy2SQyK2u0vcP8bFQ] update_mapping [_doc]
[2022-08-19T19:21:20,810][INFO ][o.e.c.m.MetadataMappingService] [NPC] [.kibana_7.17.5_001/hr95noy2SQyK2u0vcP8bFQ] update_mapping [_doc]
[2022-08-19T19:24:40,343][INFO ][o.e.c.m.MetadataCreateIndexService] [NPC] [resumes] creating index, cause [api], templates [], shards [1]/[1]
[2022-08-19T19:24:56,395][INFO ][o.e.c.m.MetadataCreateIndexService] [NPC] [resumes_folder] creating index, cause [api], templates [], shards [1]/[1]
[2022-08-19T19:31:58,833][INFO ][o.e.c.m.MetadataMappingService] [NPC] [.kibana_7.17.5_001/hr95noy2SQyK2u0vcP8bFQ] update_mapping [_doc]
[2022-08-19T19:32:38,332][INFO ][o.e.c.m.MetadataCreateIndexService] [NPC] [.async-search] creating index, cause [api], templates [], shards [1]/[0]
[2022-08-19T19:32:47,703][INFO ][o.e.c.m.MetadataMappingService] [NPC] [.kibana_7.17.5_001/hr95noy2SQyK2u0vcP8bFQ] update_mapping [_doc]
[2022-08-19T19:32:52,098][INFO ][o.e.c.m.MetadataMappingService] [NPC] [.kibana_7.17.5_001/hr95noy2SQyK2u0vcP8bFQ] update_mapping [_doc]
[2022-08-19T19:33:02,761][WARN ][o.e.g.PersistedClusterStateService] [NPC] writing cluster state took [10658ms] which is above the warn threshold of [10s]; wrote global metadata [false] and metadata for [1] indices and skipped [10] unchanged indices
[2022-08-19T19:33:02,762][INFO ][o.e.c.c.C.CoordinatorPublication] [NPC] after [10.6s] publication of cluster state version [97] is still waiting for {NPC}{Ah7_c3u-Tt-vJbzI3ItM5A}{VtF8Jvo3RYGTfctzrhWwfw}{127.0.0.1}{127.0.0.1:9300}{cdfhilmrstw}{ml.machine_memory=8015585280, xpack.installed=true, transform.node=true, ml.max_open_jobs=512, ml.max_jvm_size=4009754624} [SENT_PUBLISH_REQUEST]
[2022-08-19T19:33:28,940][INFO ][o.e.c.m.MetadataMappingService] [NPC] [.ds-.logs-deprecation.elasticsearch-default-2022.08.19-000001/Rl44dmRvTWCVhfwvzPwwrA] update_mapping [_doc]
[2022-08-19T19:47:37,879][INFO ][o.e.x.m.p.NativeController] [NPC] Native controller process has stopped - no new native processes can be started
[2022-08-19T19:47:37,988][INFO ][o.e.b.Bootstrap          ] [NPC] running graceful exit on windows
[2022-08-19T19:47:37,988][INFO ][o.e.n.Node               ] [NPC] stopping ...
[2022-08-19T19:47:38,011][INFO ][o.e.x.w.WatcherService   ] [NPC] stopping watch service, reason [shutdown initiated]
[2022-08-19T19:47:38,011][INFO ][o.e.x.w.WatcherLifeCycleService] [NPC] watcher has stopped and shutdown
[2022-08-19T19:47:41,647][INFO ][o.e.n.Node               ] [NPC] stopped
[2022-08-19T19:47:41,647][INFO ][o.e.n.Node               ] [NPC] closing ...
[2022-08-19T19:47:41,662][INFO ][o.e.i.g.DatabaseReaderLazyLoader] [NPC] evicted [0] entries from cache after reloading database [C:\Users\NPC\AppData\Local\Temp\elasticsearch\geoip-databases\Ah7_c3u-Tt-vJbzI3ItM5A\GeoLite2-Country.mmdb]
[2022-08-19T19:47:41,662][INFO ][o.e.i.g.DatabaseReaderLazyLoader] [NPC] evicted [0] entries from cache after reloading database [C:\Users\NPC\AppData\Local\Temp\elasticsearch\geoip-databases\Ah7_c3u-Tt-vJbzI3ItM5A\GeoLite2-ASN.mmdb]
[2022-08-19T19:47:41,662][INFO ][o.e.i.g.DatabaseReaderLazyLoader] [NPC] evicted [0] entries from cache after reloading database [C:\Users\NPC\AppData\Local\Temp\elasticsearch\geoip-databases\Ah7_c3u-Tt-vJbzI3ItM5A\GeoLite2-City.mmdb]
[2022-08-19T19:47:41,678][INFO ][o.e.n.Node               ] [NPC] closed
